<?xml version="1.0" encoding="UTF-8"?>
<!-- Generated by org.testng.reporters.JUnitReportReporter -->
<testsuite hostname="Mac" failures="0" tests="6" name="runner.TestRunner" time="19.584" errors="0" timestamp="2025-05-06T13:43:58 BRT" skipped="0">
  <testcase classname="runner.TestRunner" name="runScenario" time="3.249"/>
  <testcase classname="runner.TestRunner" name="runScenario" time="4.292"/>
  <testcase classname="runner.TestRunner" name="runScenario" time="2.948"/>
  <testcase classname="runner.TestRunner" name="runScenario" time="2.936"/>
  <testcase classname="runner.TestRunner" name="runScenario" time="3.155"/>
  <testcase classname="runner.TestRunner" name="runScenario" time="3.004"/>
</testsuite> <!-- runner.TestRunner -->
