<?xml version="1.0" encoding="UTF-8"?>
<testsuite xmlns:xsi="http://www.w3.org/2001/XMLSchema-instance" xsi:noNamespaceSchemaLocation="https://maven.apache.org/surefire/maven-surefire-plugin/xsd/surefire-test-report-3.0.xsd" version="3.0" name="runner.TestRunner" time="22.26" tests="6" errors="0" skipped="0" failures="0">
  <properties>
    <property name="gopherProxySet" value="false"/>
    <property name="awt.toolkit" value="sun.lwawt.macosx.LWCToolkit"/>
    <property name="java.specification.version" value="11"/>
    <property name="sun.cpu.isalist" value=""/>
    <property name="sun.jnu.encoding" value="UTF-8"/>
    <property name="java.class.path" value="/Users/henrique_cesar/Downloads/DesafioOutsera/TesteE2ELoja/target/test-classes:/Users/henrique_cesar/Downloads/DesafioOutsera/TesteE2ELoja/target/classes:/Users/henrique_cesar/.m2/repository/org/seleniumhq/selenium/selenium-java/4.21.0/selenium-java-4.21.0.jar:/Users/henrique_cesar/.m2/repository/org/seleniumhq/selenium/selenium-api/4.21.0/selenium-api-4.21.0.jar:/Users/henrique_cesar/.m2/repository/org/seleniumhq/selenium/selenium-chrome-driver/4.21.0/selenium-chrome-driver-4.21.0.jar:/Users/henrique_cesar/.m2/repository/com/google/auto/service/auto-service-annotations/1.1.1/auto-service-annotations-1.1.1.jar:/Users/henrique_cesar/.m2/repository/org/seleniumhq/selenium/selenium-chromium-driver/4.21.0/selenium-chromium-driver-4.21.0.jar:/Users/henrique_cesar/.m2/repository/org/seleniumhq/selenium/selenium-json/4.21.0/selenium-json-4.21.0.jar:/Users/henrique_cesar/.m2/repository/org/seleniumhq/selenium/selenium-manager/4.21.0/selenium-manager-4.21.0.jar:/Users/henrique_cesar/.m2/repository/org/seleniumhq/selenium/selenium-devtools-v123/4.21.0/selenium-devtools-v123-4.21.0.jar:/Users/henrique_cesar/.m2/repository/org/seleniumhq/selenium/selenium-devtools-v124/4.21.0/selenium-devtools-v124-4.21.0.jar:/Users/henrique_cesar/.m2/repository/org/seleniumhq/selenium/selenium-devtools-v125/4.21.0/selenium-devtools-v125-4.21.0.jar:/Users/henrique_cesar/.m2/repository/org/seleniumhq/selenium/selenium-devtools-v85/4.21.0/selenium-devtools-v85-4.21.0.jar:/Users/henrique_cesar/.m2/repository/org/seleniumhq/selenium/selenium-edge-driver/4.21.0/selenium-edge-driver-4.21.0.jar:/Users/henrique_cesar/.m2/repository/org/seleniumhq/selenium/selenium-firefox-driver/4.21.0/selenium-firefox-driver-4.21.0.jar:/Users/henrique_cesar/.m2/repository/org/seleniumhq/selenium/selenium-http/4.21.0/selenium-http-4.21.0.jar:/Users/henrique_cesar/.m2/repository/dev/failsafe/failsafe/3.3.2/failsafe-3.3.2.jar:/Users/henrique_cesar/.m2/repository/org/seleniumhq/selenium/selenium-ie-driver/4.21.0/selenium-ie-driver-4.21.0.jar:/Users/henrique_cesar/.m2/repository/org/seleniumhq/selenium/selenium-remote-driver/4.21.0/selenium-remote-driver-4.21.0.jar:/Users/henrique_cesar/.m2/repository/com/google/guava/guava/33.2.0-jre/guava-33.2.0-jre.jar:/Users/henrique_cesar/.m2/repository/com/google/guava/failureaccess/1.0.2/failureaccess-1.0.2.jar:/Users/henrique_cesar/.m2/repository/com/google/guava/listenablefuture/9999.0-empty-to-avoid-conflict-with-guava/listenablefuture-9999.0-empty-to-avoid-conflict-with-guava.jar:/Users/henrique_cesar/.m2/repository/com/google/code/findbugs/jsr305/3.0.2/jsr305-3.0.2.jar:/Users/henrique_cesar/.m2/repository/org/checkerframework/checker-qual/3.42.0/checker-qual-3.42.0.jar:/Users/henrique_cesar/.m2/repository/com/google/errorprone/error_prone_annotations/2.26.1/error_prone_annotations-2.26.1.jar:/Users/henrique_cesar/.m2/repository/com/google/j2objc/j2objc-annotations/3.0.0/j2objc-annotations-3.0.0.jar:/Users/henrique_cesar/.m2/repository/io/opentelemetry/semconv/opentelemetry-semconv/1.25.0-alpha/opentelemetry-semconv-1.25.0-alpha.jar:/Users/henrique_cesar/.m2/repository/io/opentelemetry/opentelemetry-api/1.38.0/opentelemetry-api-1.38.0.jar:/Users/henrique_cesar/.m2/repository/io/opentelemetry/opentelemetry-context/1.38.0/opentelemetry-context-1.38.0.jar:/Users/henrique_cesar/.m2/repository/io/opentelemetry/opentelemetry-exporter-logging/1.38.0/opentelemetry-exporter-logging-1.38.0.jar:/Users/henrique_cesar/.m2/repository/io/opentelemetry/opentelemetry-sdk-common/1.38.0/opentelemetry-sdk-common-1.38.0.jar:/Users/henrique_cesar/.m2/repository/io/opentelemetry/opentelemetry-sdk-extension-autoconfigure-spi/1.38.0/opentelemetry-sdk-extension-autoconfigure-spi-1.38.0.jar:/Users/henrique_cesar/.m2/repository/io/opentelemetry/opentelemetry-sdk-extension-autoconfigure/1.38.0/opentelemetry-sdk-extension-autoconfigure-1.38.0.jar:/Users/henrique_cesar/.m2/repository/io/opentelemetry/opentelemetry-api-incubator/1.38.0-alpha/opentelemetry-api-incubator-1.38.0-alpha.jar:/Users/henrique_cesar/.m2/repository/io/opentelemetry/opentelemetry-sdk-trace/1.38.0/opentelemetry-sdk-trace-1.38.0.jar:/Users/henrique_cesar/.m2/repository/io/opentelemetry/opentelemetry-sdk/1.38.0/opentelemetry-sdk-1.38.0.jar:/Users/henrique_cesar/.m2/repository/io/opentelemetry/opentelemetry-sdk-metrics/1.38.0/opentelemetry-sdk-metrics-1.38.0.jar:/Users/henrique_cesar/.m2/repository/io/opentelemetry/opentelemetry-sdk-logs/1.38.0/opentelemetry-sdk-logs-1.38.0.jar:/Users/henrique_cesar/.m2/repository/net/bytebuddy/byte-buddy/1.14.15/byte-buddy-1.14.15.jar:/Users/henrique_cesar/.m2/repository/org/seleniumhq/selenium/selenium-os/4.21.0/selenium-os-4.21.0.jar:/Users/henrique_cesar/.m2/repository/org/apache/commons/commons-exec/1.4.0/commons-exec-1.4.0.jar:/Users/henrique_cesar/.m2/repository/org/seleniumhq/selenium/selenium-safari-driver/4.21.0/selenium-safari-driver-4.21.0.jar:/Users/henrique_cesar/.m2/repository/org/seleniumhq/selenium/selenium-support/4.21.0/selenium-support-4.21.0.jar:/Users/henrique_cesar/.m2/repository/io/cucumber/cucumber-java/7.14.0/cucumber-java-7.14.0.jar:/Users/henrique_cesar/.m2/repository/io/cucumber/cucumber-core/7.14.0/cucumber-core-7.14.0.jar:/Users/henrique_cesar/.m2/repository/io/cucumber/cucumber-gherkin/7.14.0/cucumber-gherkin-7.14.0.jar:/Users/henrique_cesar/.m2/repository/io/cucumber/cucumber-gherkin-messages/7.14.0/cucumber-gherkin-messages-7.14.0.jar:/Users/henrique_cesar/.m2/repository/io/cucumber/gherkin/26.2.0/gherkin-26.2.0.jar:/Users/henrique_cesar/.m2/repository/io/cucumber/messages/22.0.0/messages-22.0.0.jar:/Users/henrique_cesar/.m2/repository/io/cucumber/tag-expressions/5.0.6/tag-expressions-5.0.6.jar:/Users/henrique_cesar/.m2/repository/io/cucumber/cucumber-expressions/16.1.2/cucumber-expressions-16.1.2.jar:/Users/henrique_cesar/.m2/repository/io/cucumber/datatable/7.14.0/datatable-7.14.0.jar:/Users/henrique_cesar/.m2/repository/io/cucumber/cucumber-plugin/7.14.0/cucumber-plugin-7.14.0.jar:/Users/henrique_cesar/.m2/repository/io/cucumber/docstring/7.14.0/docstring-7.14.0.jar:/Users/henrique_cesar/.m2/repository/io/cucumber/html-formatter/20.4.0/html-formatter-20.4.0.jar:/Users/henrique_cesar/.m2/repository/io/cucumber/junit-xml-formatter/0.2.0/junit-xml-formatter-0.2.0.jar:/Users/henrique_cesar/.m2/repository/io/cucumber/ci-environment/9.2.0/ci-environment-9.2.0.jar:/Users/henrique_cesar/.m2/repository/org/apiguardian/apiguardian-api/1.1.2/apiguardian-api-1.1.2.jar:/Users/henrique_cesar/.m2/repository/io/cucumber/cucumber-testng/7.14.0/cucumber-testng-7.14.0.jar:/Users/henrique_cesar/.m2/repository/org/testng/testng/7.9.0/testng-7.9.0.jar:/Users/henrique_cesar/.m2/repository/org/slf4j/slf4j-api/1.7.36/slf4j-api-1.7.36.jar:/Users/henrique_cesar/.m2/repository/com/beust/jcommander/1.82/jcommander-1.82.jar:/Users/henrique_cesar/.m2/repository/org/webjars/jquery/3.7.1/jquery-3.7.1.jar:"/>
    <property name="java.vm.vendor" value="Amazon.com Inc."/>
    <property name="sun.arch.data.model" value="64"/>
    <property name="java.vendor.url" value="https://aws.amazon.com/corretto/"/>
    <property name="user.timezone" value="America/Sao_Paulo"/>
    <property name="java.vm.specification.version" value="11"/>
    <property name="os.name" value="Mac OS X"/>
    <property name="sun.java.launcher" value="SUN_STANDARD"/>
    <property name="user.country" value="BR"/>
    <property name="sun.boot.library.path" value="/Users/henrique_cesar/Library/Java/JavaVirtualMachines/corretto-11.0.24/Contents/Home/lib"/>
    <property name="sun.java.command" value="/Users/henrique_cesar/Downloads/DesafioOutsera/TesteE2ELoja/target/surefire/surefirebooter-20250506134336256_3.jar /Users/henrique_cesar/Downloads/DesafioOutsera/TesteE2ELoja/target/surefire 2025-05-06T13-43-36_220-jvmRun1 surefire-20250506134336256_1tmp surefire_0-20250506134336256_2tmp"/>
    <property name="http.nonProxyHosts" value="local|*.local|169.254/16|*.169.254/16"/>
    <property name="jdk.debug" value="release"/>
    <property name="surefire.test.class.path" value="/Users/henrique_cesar/Downloads/DesafioOutsera/TesteE2ELoja/target/test-classes:/Users/henrique_cesar/Downloads/DesafioOutsera/TesteE2ELoja/target/classes:/Users/henrique_cesar/.m2/repository/org/seleniumhq/selenium/selenium-java/4.21.0/selenium-java-4.21.0.jar:/Users/henrique_cesar/.m2/repository/org/seleniumhq/selenium/selenium-api/4.21.0/selenium-api-4.21.0.jar:/Users/henrique_cesar/.m2/repository/org/seleniumhq/selenium/selenium-chrome-driver/4.21.0/selenium-chrome-driver-4.21.0.jar:/Users/henrique_cesar/.m2/repository/com/google/auto/service/auto-service-annotations/1.1.1/auto-service-annotations-1.1.1.jar:/Users/henrique_cesar/.m2/repository/org/seleniumhq/selenium/selenium-chromium-driver/4.21.0/selenium-chromium-driver-4.21.0.jar:/Users/henrique_cesar/.m2/repository/org/seleniumhq/selenium/selenium-json/4.21.0/selenium-json-4.21.0.jar:/Users/henrique_cesar/.m2/repository/org/seleniumhq/selenium/selenium-manager/4.21.0/selenium-manager-4.21.0.jar:/Users/henrique_cesar/.m2/repository/org/seleniumhq/selenium/selenium-devtools-v123/4.21.0/selenium-devtools-v123-4.21.0.jar:/Users/henrique_cesar/.m2/repository/org/seleniumhq/selenium/selenium-devtools-v124/4.21.0/selenium-devtools-v124-4.21.0.jar:/Users/henrique_cesar/.m2/repository/org/seleniumhq/selenium/selenium-devtools-v125/4.21.0/selenium-devtools-v125-4.21.0.jar:/Users/henrique_cesar/.m2/repository/org/seleniumhq/selenium/selenium-devtools-v85/4.21.0/selenium-devtools-v85-4.21.0.jar:/Users/henrique_cesar/.m2/repository/org/seleniumhq/selenium/selenium-edge-driver/4.21.0/selenium-edge-driver-4.21.0.jar:/Users/henrique_cesar/.m2/repository/org/seleniumhq/selenium/selenium-firefox-driver/4.21.0/selenium-firefox-driver-4.21.0.jar:/Users/henrique_cesar/.m2/repository/org/seleniumhq/selenium/selenium-http/4.21.0/selenium-http-4.21.0.jar:/Users/henrique_cesar/.m2/repository/dev/failsafe/failsafe/3.3.2/failsafe-3.3.2.jar:/Users/henrique_cesar/.m2/repository/org/seleniumhq/selenium/selenium-ie-driver/4.21.0/selenium-ie-driver-4.21.0.jar:/Users/henrique_cesar/.m2/repository/org/seleniumhq/selenium/selenium-remote-driver/4.21.0/selenium-remote-driver-4.21.0.jar:/Users/henrique_cesar/.m2/repository/com/google/guava/guava/33.2.0-jre/guava-33.2.0-jre.jar:/Users/henrique_cesar/.m2/repository/com/google/guava/failureaccess/1.0.2/failureaccess-1.0.2.jar:/Users/henrique_cesar/.m2/repository/com/google/guava/listenablefuture/9999.0-empty-to-avoid-conflict-with-guava/listenablefuture-9999.0-empty-to-avoid-conflict-with-guava.jar:/Users/henrique_cesar/.m2/repository/com/google/code/findbugs/jsr305/3.0.2/jsr305-3.0.2.jar:/Users/henrique_cesar/.m2/repository/org/checkerframework/checker-qual/3.42.0/checker-qual-3.42.0.jar:/Users/henrique_cesar/.m2/repository/com/google/errorprone/error_prone_annotations/2.26.1/error_prone_annotations-2.26.1.jar:/Users/henrique_cesar/.m2/repository/com/google/j2objc/j2objc-annotations/3.0.0/j2objc-annotations-3.0.0.jar:/Users/henrique_cesar/.m2/repository/io/opentelemetry/semconv/opentelemetry-semconv/1.25.0-alpha/opentelemetry-semconv-1.25.0-alpha.jar:/Users/henrique_cesar/.m2/repository/io/opentelemetry/opentelemetry-api/1.38.0/opentelemetry-api-1.38.0.jar:/Users/henrique_cesar/.m2/repository/io/opentelemetry/opentelemetry-context/1.38.0/opentelemetry-context-1.38.0.jar:/Users/henrique_cesar/.m2/repository/io/opentelemetry/opentelemetry-exporter-logging/1.38.0/opentelemetry-exporter-logging-1.38.0.jar:/Users/henrique_cesar/.m2/repository/io/opentelemetry/opentelemetry-sdk-common/1.38.0/opentelemetry-sdk-common-1.38.0.jar:/Users/henrique_cesar/.m2/repository/io/opentelemetry/opentelemetry-sdk-extension-autoconfigure-spi/1.38.0/opentelemetry-sdk-extension-autoconfigure-spi-1.38.0.jar:/Users/henrique_cesar/.m2/repository/io/opentelemetry/opentelemetry-sdk-extension-autoconfigure/1.38.0/opentelemetry-sdk-extension-autoconfigure-1.38.0.jar:/Users/henrique_cesar/.m2/repository/io/opentelemetry/opentelemetry-api-incubator/1.38.0-alpha/opentelemetry-api-incubator-1.38.0-alpha.jar:/Users/henrique_cesar/.m2/repository/io/opentelemetry/opentelemetry-sdk-trace/1.38.0/opentelemetry-sdk-trace-1.38.0.jar:/Users/henrique_cesar/.m2/repository/io/opentelemetry/opentelemetry-sdk/1.38.0/opentelemetry-sdk-1.38.0.jar:/Users/henrique_cesar/.m2/repository/io/opentelemetry/opentelemetry-sdk-metrics/1.38.0/opentelemetry-sdk-metrics-1.38.0.jar:/Users/henrique_cesar/.m2/repository/io/opentelemetry/opentelemetry-sdk-logs/1.38.0/opentelemetry-sdk-logs-1.38.0.jar:/Users/henrique_cesar/.m2/repository/net/bytebuddy/byte-buddy/1.14.15/byte-buddy-1.14.15.jar:/Users/henrique_cesar/.m2/repository/org/seleniumhq/selenium/selenium-os/4.21.0/selenium-os-4.21.0.jar:/Users/henrique_cesar/.m2/repository/org/apache/commons/commons-exec/1.4.0/commons-exec-1.4.0.jar:/Users/henrique_cesar/.m2/repository/org/seleniumhq/selenium/selenium-safari-driver/4.21.0/selenium-safari-driver-4.21.0.jar:/Users/henrique_cesar/.m2/repository/org/seleniumhq/selenium/selenium-support/4.21.0/selenium-support-4.21.0.jar:/Users/henrique_cesar/.m2/repository/io/cucumber/cucumber-java/7.14.0/cucumber-java-7.14.0.jar:/Users/henrique_cesar/.m2/repository/io/cucumber/cucumber-core/7.14.0/cucumber-core-7.14.0.jar:/Users/henrique_cesar/.m2/repository/io/cucumber/cucumber-gherkin/7.14.0/cucumber-gherkin-7.14.0.jar:/Users/henrique_cesar/.m2/repository/io/cucumber/cucumber-gherkin-messages/7.14.0/cucumber-gherkin-messages-7.14.0.jar:/Users/henrique_cesar/.m2/repository/io/cucumber/gherkin/26.2.0/gherkin-26.2.0.jar:/Users/henrique_cesar/.m2/repository/io/cucumber/messages/22.0.0/messages-22.0.0.jar:/Users/henrique_cesar/.m2/repository/io/cucumber/tag-expressions/5.0.6/tag-expressions-5.0.6.jar:/Users/henrique_cesar/.m2/repository/io/cucumber/cucumber-expressions/16.1.2/cucumber-expressions-16.1.2.jar:/Users/henrique_cesar/.m2/repository/io/cucumber/datatable/7.14.0/datatable-7.14.0.jar:/Users/henrique_cesar/.m2/repository/io/cucumber/cucumber-plugin/7.14.0/cucumber-plugin-7.14.0.jar:/Users/henrique_cesar/.m2/repository/io/cucumber/docstring/7.14.0/docstring-7.14.0.jar:/Users/henrique_cesar/.m2/repository/io/cucumber/html-formatter/20.4.0/html-formatter-20.4.0.jar:/Users/henrique_cesar/.m2/repository/io/cucumber/junit-xml-formatter/0.2.0/junit-xml-formatter-0.2.0.jar:/Users/henrique_cesar/.m2/repository/io/cucumber/ci-environment/9.2.0/ci-environment-9.2.0.jar:/Users/henrique_cesar/.m2/repository/org/apiguardian/apiguardian-api/1.1.2/apiguardian-api-1.1.2.jar:/Users/henrique_cesar/.m2/repository/io/cucumber/cucumber-testng/7.14.0/cucumber-testng-7.14.0.jar:/Users/henrique_cesar/.m2/repository/org/testng/testng/7.9.0/testng-7.9.0.jar:/Users/henrique_cesar/.m2/repository/org/slf4j/slf4j-api/1.7.36/slf4j-api-1.7.36.jar:/Users/henrique_cesar/.m2/repository/com/beust/jcommander/1.82/jcommander-1.82.jar:/Users/henrique_cesar/.m2/repository/org/webjars/jquery/3.7.1/jquery-3.7.1.jar:"/>
    <property name="sun.cpu.endian" value="little"/>
    <property name="user.home" value="/Users/henrique_cesar"/>
    <property name="user.language" value="pt"/>
    <property name="java.specification.vendor" value="Oracle Corporation"/>
    <property name="java.version.date" value="2024-07-16"/>
    <property name="java.home" value="/Users/henrique_cesar/Library/Java/JavaVirtualMachines/corretto-11.0.24/Contents/Home"/>
    <property name="file.separator" value="/"/>
    <property name="basedir" value="/Users/henrique_cesar/Downloads/DesafioOutsera/TesteE2ELoja"/>
    <property name="java.vm.compressedOopsMode" value="Zero based"/>
    <property name="line.separator" value="&#10;"/>
    <property name="java.specification.name" value="Java Platform API Specification"/>
    <property name="java.vm.specification.vendor" value="Oracle Corporation"/>
    <property name="java.awt.graphicsenv" value="sun.awt.CGraphicsEnvironment"/>
    <property name="surefire.real.class.path" value="/Users/henrique_cesar/Downloads/DesafioOutsera/TesteE2ELoja/target/surefire/surefirebooter-20250506134336256_3.jar"/>
    <property name="sun.management.compiler" value="HotSpot 64-Bit Tiered Compilers"/>
    <property name="ftp.nonProxyHosts" value="local|*.local|169.254/16|*.169.254/16"/>
    <property name="java.runtime.version" value="11.0.24+8-LTS"/>
    <property name="user.name" value="henrique_cesar"/>
    <property name="path.separator" value=":"/>
    <property name="os.version" value="15.4.1"/>
    <property name="java.runtime.name" value="OpenJDK Runtime Environment"/>
    <property name="file.encoding" value="UTF-8"/>
    <property name="java.vm.name" value="OpenJDK 64-Bit Server VM"/>
    <property name="java.vendor.version" value="Corretto-11.0.24.8.1"/>
    <property name="localRepository" value="/Users/henrique_cesar/.m2/repository"/>
    <property name="java.vendor.url.bug" value="https://github.com/corretto/corretto-11/issues/"/>
    <property name="java.io.tmpdir" value="/var/folders/vd/yqjg96jj7jq85yf6qgkn9t640000gn/T/"/>
    <property name="java.version" value="11.0.24"/>
    <property name="user.dir" value="/Users/henrique_cesar/Downloads/DesafioOutsera/TesteE2ELoja"/>
    <property name="os.arch" value="aarch64"/>
    <property name="java.vm.specification.name" value="Java Virtual Machine Specification"/>
    <property name="java.awt.printerjob" value="sun.lwawt.macosx.CPrinterJob"/>
    <property name="sun.os.patch.level" value="unknown"/>
    <property name="java.library.path" value="/Users/henrique_cesar/Library/Java/Extensions:/Library/Java/Extensions:/Network/Library/Java/Extensions:/System/Library/Java/Extensions:/usr/lib/java:."/>
    <property name="java.vm.info" value="mixed mode"/>
    <property name="java.vendor" value="Amazon.com Inc."/>
    <property name="java.vm.version" value="11.0.24+8-LTS"/>
    <property name="java.specification.maintenance.version" value="2"/>
    <property name="sun.io.unicode.encoding" value="UnicodeBig"/>
    <property name="java.class.version" value="55.0"/>
    <property name="socksNonProxyHosts" value="local|*.local|169.254/16|*.169.254/16"/>
  </properties>
  <testcase name="runScenario[&quot;Usuário realiza compra com sucesso&quot;, &quot;Fluxo de checkout no e-commerce SauceDemo&quot;](1)" classname="runner.TestRunner" time="4.295">
    <system-out><![CDATA[
Cenario: Usuário realiza compra com sucesso                                         # src/test/resources/features/checkout.feature:8
  Dado que o usuário está na página de login do SauceDemo                           # steps.CheckoutSteps.abrirSite()
  Quando ele faz login com usuário "standard_user" e senha "secret_sauce"           # steps.CheckoutSteps.realizarLogin(java.lang.String,java.lang.String)
  E adiciona um produto ao carrinho                                                 # steps.CheckoutSteps.adicionarProduto()
  E prossegue para o checkout                                                       # steps.CheckoutSteps.checkout()
  E preenche os dados de pagamento com nome "João", sobrenome "Silva" e cep "12345" # steps.CheckoutSteps.preencherCheckout(java.lang.String,java.lang.String,java.lang.String)
  E finaliza a compra                                                               # steps.CheckoutSteps.finalizarCompra()
  Entao a compra deve ser concluída com sucesso                                     # steps.CheckoutSteps.validarFinalizacao()
]]></system-out>
    <system-err><![CDATA[SLF4J: Failed to load class "org.slf4j.impl.StaticLoggerBinder".
SLF4J: Defaulting to no-operation (NOP) logger implementation
SLF4J: See http://www.slf4j.org/codes.html#StaticLoggerBinder for further details.
mai 06, 2025 1:43:39 PM org.openqa.selenium.devtools.CdpVersionFinder findNearestMatch
ADVERTÊNCIA: Unable to find CDP implementation matching 136
mai 06, 2025 1:43:39 PM org.openqa.selenium.chromium.ChromiumDriver lambda$new$5
ADVERTÊNCIA: Unable to find version of CDP to use for 136.0.7103.49. You may need to include a dependency on a specific version of the CDP using something similar to `org.seleniumhq.selenium:selenium-devtools-v86:4.21.0` where the version ("v86") matches the version of the chromium-based browser you're using and the version number of the artifact is the same as Selenium's.
]]></system-err>
  </testcase>
  <testcase name="runScenario[&quot;Usuário realiza login com sucesso&quot;, &quot;Fluxo de checkout no e-commerce SauceDemo&quot;](2)" classname="runner.TestRunner" time="2.999">
    <system-out><![CDATA[
Cenario: Usuário realiza login com sucesso                                # src/test/resources/features/checkout.feature:17
  Dado que o usuário está na página de login do SauceDemo                 # steps.CheckoutSteps.abrirSite()
  Quando ele faz login com usuário "standard_user" e senha "secret_sauce" # steps.CheckoutSteps.realizarLogin(java.lang.String,java.lang.String)
  Entao a página de produtos deve ser exibida                             # steps.CheckoutSteps.aPáginaDeProdutosDeveSerExibida()
]]></system-out>
    <system-err><![CDATA[mai 06, 2025 1:43:43 PM org.openqa.selenium.devtools.CdpVersionFinder findNearestMatch
ADVERTÊNCIA: Unable to find CDP implementation matching 136
mai 06, 2025 1:43:43 PM org.openqa.selenium.chromium.ChromiumDriver lambda$new$5
ADVERTÊNCIA: Unable to find version of CDP to use for 136.0.7103.49. You may need to include a dependency on a specific version of the CDP using something similar to `org.seleniumhq.selenium:selenium-devtools-v86:4.21.0` where the version ("v86") matches the version of the chromium-based browser you're using and the version number of the artifact is the same as Selenium's.
]]></system-err>
  </testcase>
  <testcase name="runScenario[&quot;Adicionar múltiplos produtos ao carrinho e finalizar compra&quot;, &quot;Fluxo de checkout no e-commerce SauceDemo&quot;](3)" classname="runner.TestRunner" time="3.25">
    <system-out><![CDATA[
Cenario: Adicionar múltiplos produtos ao carrinho e finalizar compra                 # src/test/resources/features/checkout.feature:22
  Dado que o usuário está na página de login do SauceDemo                            # steps.CheckoutSteps.abrirSite()
  Quando ele faz login com usuário "standard_user" e senha "secret_sauce"            # steps.CheckoutSteps.realizarLogin(java.lang.String,java.lang.String)
  E adiciona um produto ao carrinho                                                  # steps.CheckoutSteps.adicionarProduto()
  E retorno a pagina inicial                                                         # steps.CheckoutSteps.retornoAPaginaInicial()
  E adiciona outro produto ao carrinho                                               # steps.CheckoutSteps.adicionaOutroProdutoAoCarrinho()
  E prossegue para o checkout                                                        # steps.CheckoutSteps.checkout()
  E preenche os dados de pagamento com nome "Maria", sobrenome "Silva" e cep "54321" # steps.CheckoutSteps.preencherCheckout(java.lang.String,java.lang.String,java.lang.String)
  E finaliza a compra                                                                # steps.CheckoutSteps.finalizarCompra()
  Entao a compra deve ser concluída com sucesso                                      # steps.CheckoutSteps.validarFinalizacao()
]]></system-out>
    <system-err><![CDATA[mai 06, 2025 1:43:45 PM org.openqa.selenium.devtools.CdpVersionFinder findNearestMatch
ADVERTÊNCIA: Unable to find CDP implementation matching 136
mai 06, 2025 1:43:45 PM org.openqa.selenium.chromium.ChromiumDriver lambda$new$5
ADVERTÊNCIA: Unable to find version of CDP to use for 136.0.7103.49. You may need to include a dependency on a specific version of the CDP using something similar to `org.seleniumhq.selenium:selenium-devtools-v86:4.21.0` where the version ("v86") matches the version of the chromium-based browser you're using and the version number of the artifact is the same as Selenium's.
]]></system-err>
  </testcase>
  <testcase name="runScenario[&quot;Tentativa de login com usuário inválido&quot;, &quot;Fluxo de checkout no e-commerce SauceDemo&quot;](4)" classname="runner.TestRunner" time="2.935">
    <system-out><![CDATA[
Cenario: Tentativa de login com usuário inválido                             # src/test/resources/features/checkout.feature:33
  Dado que o usuário está na página de login do SauceDemo                    # steps.CheckoutSteps.abrirSite()
  Quando ele faz login com usuário "usuário_invalido" e senha "secret_sauce" # steps.CheckoutSteps.realizarLogin(java.lang.String,java.lang.String)
  Entao uma mensagem de erro deve ser exibida                                # steps.CheckoutSteps.umaMensagemDeErroDeveSerExibida()
]]></system-out>
    <system-err><![CDATA[mai 06, 2025 1:43:49 PM org.openqa.selenium.devtools.CdpVersionFinder findNearestMatch
ADVERTÊNCIA: Unable to find CDP implementation matching 136
mai 06, 2025 1:43:49 PM org.openqa.selenium.chromium.ChromiumDriver lambda$new$5
ADVERTÊNCIA: Unable to find version of CDP to use for 136.0.7103.49. You may need to include a dependency on a specific version of the CDP using something similar to `org.seleniumhq.selenium:selenium-devtools-v86:4.21.0` where the version ("v86") matches the version of the chromium-based browser you're using and the version number of the artifact is the same as Selenium's.
]]></system-err>
  </testcase>
  <testcase name="runScenario[&quot;Tentativa de login com senha inválida&quot;, &quot;Fluxo de checkout no e-commerce SauceDemo&quot;](5)" classname="runner.TestRunner" time="2.948">
    <system-out><![CDATA[
Cenario: Tentativa de login com senha inválida                            # src/test/resources/features/checkout.feature:38
  Dado que o usuário está na página de login do SauceDemo                 # steps.CheckoutSteps.abrirSite()
  Quando ele faz login com usuário "standard_user" e senha "senha_errada" # steps.CheckoutSteps.realizarLogin(java.lang.String,java.lang.String)
  Entao uma mensagem de erro deve ser exibida                             # steps.CheckoutSteps.umaMensagemDeErroDeveSerExibida()
]]></system-out>
    <system-err><![CDATA[mai 06, 2025 1:43:52 PM org.openqa.selenium.devtools.CdpVersionFinder findNearestMatch
ADVERTÊNCIA: Unable to find CDP implementation matching 136
mai 06, 2025 1:43:52 PM org.openqa.selenium.chromium.ChromiumDriver lambda$new$5
ADVERTÊNCIA: Unable to find version of CDP to use for 136.0.7103.49. You may need to include a dependency on a specific version of the CDP using something similar to `org.seleniumhq.selenium:selenium-devtools-v86:4.21.0` where the version ("v86") matches the version of the chromium-based browser you're using and the version number of the artifact is the same as Selenium's.
]]></system-err>
  </testcase>
  <testcase name="runScenario[&quot;Tentativa de checkout sem preencher os dados obrigatórios&quot;, &quot;Fluxo de checkout no e-commerce SauceDemo&quot;](6)" classname="runner.TestRunner" time="3.154">
    <system-out><![CDATA[
Cenário: Tentativa de checkout sem preencher os dados obrigatórios        # src/test/resources/features/checkout.feature:43
  Dado que o usuário está na página de login do SauceDemo                 # steps.CheckoutSteps.abrirSite()
  Quando ele faz login com usuário "standard_user" e senha "secret_sauce" # steps.CheckoutSteps.realizarLogin(java.lang.String,java.lang.String)
  E adiciona um produto ao carrinho                                       # steps.CheckoutSteps.adicionarProduto()
  E prossegue para o checkout                                             # steps.CheckoutSteps.checkout()
  E preenche os dados de pagamento com nome "", sobrenome "" e cep ""     # steps.CheckoutSteps.preencherCheckout(java.lang.String,java.lang.String,java.lang.String)
  Entao uma mensagem de erro de campos obrigatórios deve ser exibida      # steps.CheckoutSteps.umaMensagemDeErroDeCamposObrigatóriosDeveSerExibida()
]]></system-out>
    <system-err><![CDATA[mai 06, 2025 1:43:55 PM org.openqa.selenium.devtools.CdpVersionFinder findNearestMatch
ADVERTÊNCIA: Unable to find CDP implementation matching 136
mai 06, 2025 1:43:55 PM org.openqa.selenium.chromium.ChromiumDriver lambda$new$5
ADVERTÊNCIA: Unable to find version of CDP to use for 136.0.7103.49. You may need to include a dependency on a specific version of the CDP using something similar to `org.seleniumhq.selenium:selenium-devtools-v86:4.21.0` where the version ("v86") matches the version of the chromium-based browser you're using and the version number of the artifact is the same as Selenium's.
]]></system-err>
  </testcase>
</testsuite>